<?xml version="1.0" encoding="UTF-8"?>
<!-- Generated by org.testng.reporters.JUnitReportReporter -->
<testsuite hostname="Rishu" failures="0" tests="5" name="Selenium.TestNGDemo.NewTest" time="0.014" errors="0" timestamp="2024-01-04T12:42:12 IST" skipped="0">
  <testcase classname="Selenium.TestNGDemo.NewTest" name="signIn" time="0.006"/>
  <system-out/>
  <testcase classname="Selenium.TestNGDemo.NewTest" name="SignUp" time="0.003"/>
  <system-out/>
  <testcase classname="Selenium.TestNGDemo.NewTest" name="Book" time="0.002"/>
  <system-out/>
  <testcase classname="Selenium.TestNGDemo.NewTest" name="View" time="0.001"/>
  <system-out/>
  <testcase classname="Selenium.TestNGDemo.NewTest" name="LogOut" time="0.002"/>
  <system-out/>
</testsuite> <!-- Selenium.TestNGDemo.NewTest -->
