<?xml version="1.0" encoding="UTF-8"?>
<!-- Generated by org.testng.reporters.JUnitReportReporter -->
<testsuite hostname="Rishu" failures="0" tests="2" name="Selenium.TestNGDemo.NewTest1" time="0.044" errors="0" timestamp="2024-01-04T11:25:07 IST" skipped="0">
  <testcase classname="Selenium.TestNGDemo.NewTest1" name="test4" time="0.002"/>
  <system-out/>
  <testcase classname="Selenium.TestNGDemo.NewTest1" name="test3" time="0.042"/>
  <system-out/>
</testsuite> <!-- Selenium.TestNGDemo.NewTest1 -->
